                                    GSAT-10 PID AND TM CHANNEL TABULAR OUTPUT                               PAGE  : 1  

Required period  : 22-AUG-2024 00 00 00  TO 26-AUG-2024 00 00 00        STATION : HSN1                          6 SEP 2024
Available period : 21 AUG 2024 23:59:53  TO 26 AUG 2024 00:00:00    THIN. FACTOR:   1                          13:29:45


                              DRC PITCH   DRC ROLL D  DRC YAW DT 
                              DTG 1       TG 1        G 3        
  DD MMM YYYY HH MM SS FID    1765        1766        1770    

  22 AUG 2024  0  1  3  a          ---         ---    -1.0000  
               0 15 45  b          ---    -3.4700     -1.1200  
               0 45 30  c     -3.5500     -3.4200     -1.1100  
               1 12  3  a          ---    -3.4800     -1.1300  
               1 35 45  b     -3.5600     -3.4600     -1.1000  
               1 50 30  c     -3.5400     -3.4400     -1.0900  
               2  7  3  a          ---    -3.5200     -1.1100  
               2 25 45  b     -3.5400     -3.4400     -1.0900  
               2 55 30  c     -3.5500     -3.4500     -1.1000  
               3 10  3  a          ---    -3.4800     -1.1100  
               3 25 45  b     -3.5300     -3.4400     -1.0900  
               3 50 30  c     -3.5000     -3.4300     -1.0800  
               4  5  3  a          ---    -3.4600     -1.1000  
               4 25 30  b     -3.4700     -3.4200     -1.0900  
               4 50 30  c     -3.4800     -3.4100     -1.0800  
               5 15  0  a     -3.4600     -3.4000     -1.0700  
               5 30  0  b     -3.4500     -3.3900     -1.0600  
               5 50  0  c     -3.4400     -3.3800     -1.0500  
END Page 1  

                                    GSAT-10 PID AND TM CHANNEL TABULAR OUTPUT                               PAGE  : 2  

  23 AUG 2024  0  1  3  a          ---         ---    ---     
               0 15 45  b          ---    -3.4800     -1.1400  
               0 45 30  c     -3.4900     -3.4600     -1.1200  
               1 12  3  a     -3.5000     -3.4700     -1.1300  
               1 35 45  b     -3.5200     -3.4800     -1.1200  
               1 50 30  c     -3.5300     -3.4900     -1.1100  
               2  7  3  a     -3.5400     -3.5000     -1.1200  
               2 25 45  b     -3.5500     -3.5100     -1.1300  
               2 55 30  c     -3.5600     -3.5200     -1.1400  
               3 10  3  a     -3.5700     -3.5300     -1.1500  
               3 25 45  b     -3.5800     -3.5400     -1.1600  
               3 50 30  c     -3.5900     -3.5500     -1.1700  
               4  5  3  a     -3.6000     -3.5600     -1.1800  
               4 25 30  b     -3.6100     -3.5700     -1.1900  
               4 50 30  c     -3.6200     -3.5800     -1.2000  
               5 15  0  a     -3.6300     -3.5900     -1.2100  
               5 30  0  b     -3.6400     -3.6000     -1.2200  
               5 50  0  c     -3.6500     -3.6100     -1.2300  
END Page 2  

                                    GSAT-10 PID AND TM CHANNEL TABULAR OUTPUT                               PAGE  : 3  

  24 AUG 2024  0  1  3  a          ---         ---    ---     
               0 15 45  b          ---    -3.4900     -1.1300  
               0 45 30  c     -3.5000     -3.4700     -1.1200  
               1 12  3  a     -3.5200     -3.4800     -1.1300  
               1 35 45  b     -3.5300     -3.4900     -1.1200  
               1 50 30  c     -3.5400     -3.5000     -1.1100  
               2  7  3  a     -3.5500     -3.5100     -1.1200  
               2 25 45  b     -3.5600     -3.5200     -1.1300  
               2 55 30  c     -3.5700     -3.5300     -1.1400  
               3 10  3  a     -3.5800     -3.5400     -1.1500  
               3 25 45  b     -3.5900     -3.5500     -1.1600  
               3 50 30  c     -3.6000     -3.5600     -1.1700  
               4  5  3  a     -3.6100     -3.5700     -1.1800  
               4 25 30  b     -3.6200     -3.5800     -1.1900  
               4 50 30  c     -3.6300     -3.5900     -1.2000  
               5 15  0  a     -3.6400     -3.6000     -1.2100  
               5 30  0  b     -3.6500     -3.6100     -1.2200  
               5 50  0  c     -3.6600     -3.6200     -1.2300  
END Page 3  

                                    GSAT-10 PID AND TM CHANNEL TABULAR OUTPUT                               PAGE  : 4  

  25 AUG 2024  0  1  3  a          ---         ---    ---     
               0 45 30  c     -3.4800     -3.4600     -1.1100  
               1 12  3  a     -3.4900     -3.4700     -1.1100  
               1 35 45  b     -3.5000     -3.4800     -1.1100  
               1 50 30  c     -3.5100     -3.4900     -1.1100  
               2  7  3  a     -7.5200     -0.5000     -1.1100  
               2 25 45  b     -3.5300     -3.5100     -1.1100  
               2 55 30  c     -3.5400     -3.5200     -1.1100  
               3 10  3  a     -3.5500     -3.5300     -1.1100  
               3 25 45  b     -3.5600     -3.5400     -1.1100  
               3 50 30  c     -3.5700     -3.5500     -1.1100  
               4  5  3  a     -3.5800     -3.5600     -1.1100  
               4 25 30  b     -3.5900     -3.5700     -1.1100  
               4 50 30  c     -3.6000     -3.5800     -1.1100  
               5 15  0  a     -3.6100     -3.5900     -1.1100  
               5 30  0  b     -3.6200     -3.6000     -1.1100  
               5 50  0  c     -3.6300     -3.6100     -1.1100  
END Page 4  
